#
# There is insufficient memory for the Java Runtime Environment to continue.
# Native memory allocation (malloc) failed to allocate 1048576 bytes. Error detail: AllocateHeap
# Possible reasons:
#   The system is out of physical RAM or swap space
#   This process is running with CompressedOops enabled, and the Java Heap may be blocking the growth of the native heap
# Possible solutions:
#   Reduce memory load on the system
#   Increase physical memory or swap space
#   Check if swap backing store is full
#   Decrease Java heap size (-Xmx/-Xms)
#   Decrease number of Java threads
#   Decrease Java thread stack sizes (-Xss)
#   Set larger code cache with -XX:ReservedCodeCacheSize=
#   JVM is running with Unscaled Compressed Oops mode in which the Java heap is
#     placed in the first 4GB address space. The Java Heap base address is the
#     maximum limit for the native heap growth. Please use -XX:HeapBaseMinAddress
#     to set the Java Heap base and to place the Java Heap above 4GB virtual address.
# This output file may be truncated or incomplete.
#
#  Out of Memory Error (allocation.cpp:44), pid=18036, tid=21512
#
# JRE version:  (17.0.11+9) (build )
# Java VM: OpenJDK 64-Bit Server VM (17.0.11+9, mixed mode, tiered, compressed oops, compressed class ptrs, parallel gc, windows-amd64)
# No core dump will be written. Minidumps are not enabled by default on client versions of Windows
#

---------------  S U M M A R Y ------------

Command Line: --add-modules=ALL-SYSTEM --add-opens=java.base/java.util=ALL-UNNAMED --add-opens=java.base/java.lang=ALL-UNNAMED --add-opens=java.base/sun.nio.fs=ALL-UNNAMED -Declipse.application=org.eclipse.jdt.ls.core.id1 -Dosgi.bundles.defaultStartLevel=4 -Declipse.product=org.eclipse.jdt.ls.core.product -Djava.import.generatesMetadataFilesAtProjectRoot=false -DDetectVMInstallationsJob.disabled=true -Dfile.encoding=utf8 -XX:+UseParallelGC -XX:GCTimeRatio=4 -XX:AdaptiveSizePolicyWeight=90 -Dsun.zip.disableMemoryMapping=true -Xmx1G -Xms100m -Xlog:disable -javaagent:c:\Users\nknig\.vscode\extensions\redhat.java-1.31.0-win32-x64\lombok\lombok-1.18.32.jar -XX:+HeapDumpOnOutOfMemoryError -XX:HeapDumpPath=c:\Users\nknig\AppData\Roaming\Code\User\workspaceStorage\52165f1d5cc4527282bb9fd3544f7a64\redhat.java -Daether.dependencyCollector.impl=bf c:\Users\nknig\.vscode\extensions\redhat.java-1.31.0-win32-x64\server\plugins\org.eclipse.equinox.launcher_1.6.800.v20240513-1750.jar -configuration c:\Users\nknig\AppData\Roaming\Code\User\globalStorage\redhat.java\1.31.0\config_win -data c:\Users\nknig\AppData\Roaming\Code\User\workspaceStorage\52165f1d5cc4527282bb9fd3544f7a64\redhat.java\jdt_ws --pipe=\\.\pipe\lsp-3ba8e801a8d46f6425c44b9d24ea8fb9-sock

Host: AMD Ryzen 9 5900HS with Radeon Graphics        , 16 cores, 15G,  Windows 11 , 64 bit Build 22621 (10.0.22621.3672)
Time: Wed Jun 19 11:14:26 2024  Windows 11 , 64 bit Build 22621 (10.0.22621.3672) elapsed time: 0.032093 seconds (0d 0h 0m 0s)

---------------  T H R E A D  ---------------

Current thread (0x0000018ce7b524b0):  JavaThread "Unknown thread" [_thread_in_vm, id=21512, stack(0x00000057b9900000,0x00000057b9a00000)]

Stack: [0x00000057b9900000,0x00000057b9a00000]
Native frames: (J=compiled Java code, j=interpreted, Vv=VM code, C=native code)
V  [jvm.dll+0x67d429]
V  [jvm.dll+0x834b7a]
V  [jvm.dll+0x83663e]
V  [jvm.dll+0x836ca3]
V  [jvm.dll+0x247dbf]
V  [jvm.dll+0xa6cb3]
V  [jvm.dll+0x6b0076]
V  [jvm.dll+0x6b0c4f]
V  [jvm.dll+0x689b53]
V  [jvm.dll+0x806c4b]
V  [jvm.dll+0x36c5e4]
V  [jvm.dll+0x7e4f56]
V  [jvm.dll+0x3efdcf]
V  [jvm.dll+0x3f1921]
C  [jli.dll+0x528f]
C  [ucrtbase.dll+0x29333]
C  [KERNEL32.DLL+0x1257d]
C  [ntdll.dll+0x5af28]


---------------  P R O C E S S  ---------------

Threads class SMR info:
_java_thread_list=0x00007ffb2253eed8, length=0, elements={
}

Java Threads: ( => current thread )

Other Threads:
  0x0000018ce7b65a80 GCTaskThread "GC Thread#0" [stack: 0x00000057b9a00000,0x00000057b9b00000] [id=22180]

=>0x0000018ce7b524b0 (exited) JavaThread "Unknown thread" [_thread_in_vm, id=21512, stack(0x00000057b9900000,0x00000057b9a00000)]

Threads with active compile tasks:

VM state: not at safepoint (normal execution)

VM Mutex/Monitor currently owned by a thread: None

Heap address: 0x00000000c0000000, size: 1024 MB, Compressed Oops mode: 32-bit

CDS archive(s) not mapped
Compressed class space mapped at: 0x0000000100000000-0x0000000140000000, reserved size: 1073741824
Narrow klass base: 0x0000000000000000, Narrow klass shift: 3, Narrow klass range: 0x140000000

GC Precious Log:
 CPUs: 16 total, 16 available
 Memory: 15776M
 Large Page Support: Disabled
 NUMA Support: Disabled
 Compressed Oops: Enabled (32-bit)
 Alignments: Space 512K, Generation 512K, Heap 2M
 Heap Min Capacity: 100M
 Heap Initial Capacity: 100M
 Heap Max Capacity: 1G
 Pre-touch: Disabled
 Parallel Workers: 13

Heap:
 PSYoungGen      total 29696K, used 512K [0x00000000eab00000, 0x00000000ecc00000, 0x0000000100000000)
  eden space 25600K, 2% used [0x00000000eab00000,0x00000000eab80070,0x00000000ec400000)
  from space 4096K, 0% used [0x00000000ec800000,0x00000000ec800000,0x00000000ecc00000)
  to   space 4096K, 0% used [0x00000000ec400000,0x00000000ec400000,0x00000000ec800000)
 ParOldGen       total 68608K, used 0K [0x00000000c0000000, 0x00000000c4300000, 0x00000000eab00000)
  object space 68608K, 0% used [0x00000000c0000000,0x00000000c0000000,0x00000000c4300000)
 Metaspace       used 1149K, committed 1216K, reserved 1114112K
  class space    used 101K, committed 128K, reserved 1048576K

Card table byte_map: [0x0000018ce74e0000,0x0000018ce76f0000] _byte_map_base: 0x0000018ce6ee0000

Marking Bits: (ParMarkBitMap*) 0x00007ffb225ad820
 Begin Bits: [0x0000018cf97e0000, 0x0000018cfa7e0000)
 End Bits:   [0x0000018cfa7e0000, 0x0000018cfb7e0000)

Polling page: 0x0000018ce5ab0000

Metaspace:

Usage:
  Non-class:      1.02 MB used.
      Class:    101.05 KB used.
       Both:      1.12 MB used.

Virtual space:
  Non-class space:       64.00 MB reserved,       1.06 MB (  2%) committed,  1 nodes.
      Class space:        1.00 GB reserved,     128.00 KB ( <1%) committed,  1 nodes.
             Both:        1.06 GB reserved,       1.19 MB ( <1%) committed. 

Chunk freelists:
   Non-Class:  12.00 MB
       Class:  15.75 MB
        Both:  27.75 MB

MaxMetaspaceSize: unlimited
CompressedClassSpaceSize: 1.00 GB
Initial GC threshold: 21.00 MB
Current GC threshold: 17179869184.00 GB
CDS: off
MetaspaceReclaimPolicy: balanced
 - commit_granule_bytes: 65536.
 - commit_granule_words: 8192.
 - virtual_space_node_default_size: 8388608.
 - enlarge_chunks_in_place: 1.
 - new_chunks_are_fully_committed: 0.
 - uncommit_free_chunks: 1.
 - use_allocation_guard: 0.
 - handle_deallocations: 1.


Internal statistics:

num_allocs_failed_limit: 0.
num_arena_births: 2.
num_arena_deaths: 0.
num_vsnodes_births: 2.
num_vsnodes_deaths: 0.
num_space_committed: 19.
num_space_uncommitted: 0.
num_chunks_returned_to_freelist: 0.
num_chunks_taken_from_freelist: 3.
num_chunk_merges: 0.
num_chunk_splits: 2.
num_chunks_enlarged: 0.
num_inconsistent_stats: 0.

CodeHeap 'non-profiled nmethods': size=119168Kb used=0Kb max_used=0Kb free=119168Kb
 bounds [0x0000018cf2380000, 0x0000018cf25f0000, 0x0000018cf97e0000]
CodeHeap 'profiled nmethods': size=119104Kb used=0Kb max_used=0Kb free=119104Kb
 bounds [0x0000018cea7e0000, 0x0000018ceaa50000, 0x0000018cf1c30000]
CodeHeap 'non-nmethods': size=7488Kb used=202Kb max_used=353Kb free=7285Kb
 bounds [0x0000018cf1c30000, 0x0000018cf1ea0000, 0x0000018cf2380000]
 total_blobs=66 nmethods=0 adapters=47
 compilation: enabled
              stopped_count=0, restarted_count=0
 full_count=0

Compilation events (0 events):
No events

GC Heap History (0 events):
No events

Dll operation events (1 events):
Event: 0.008 Loaded shared library c:\Users\nknig\.vscode\extensions\redhat.java-1.31.0-win32-x64\jre\17.0.11-win32-x86_64\bin\java.dll

Deoptimization events (0 events):
No events

Classes unloaded (0 events):
No events

Classes redefined (0 events):
No events

Internal exceptions (0 events):
No events

VM Operations (0 events):
No events

Events (20 events):
Event: 0.026 loading class java/lang/Long
Event: 0.027 loading class java/lang/Long done
Event: 0.027 loading class java/util/Iterator
Event: 0.027 loading class java/util/Iterator done
Event: 0.027 loading class java/lang/reflect/RecordComponent
Event: 0.027 loading class java/lang/reflect/RecordComponent done
Event: 0.027 loading class jdk/internal/vm/vector/VectorSupport
Event: 0.027 loading class jdk/internal/vm/vector/VectorSupport done
Event: 0.027 loading class jdk/internal/vm/vector/VectorSupport$VectorPayload
Event: 0.027 loading class jdk/internal/vm/vector/VectorSupport$VectorPayload done
Event: 0.027 loading class jdk/internal/vm/vector/VectorSupport$Vector
Event: 0.027 loading class jdk/internal/vm/vector/VectorSupport$Vector done
Event: 0.027 loading class jdk/internal/vm/vector/VectorSupport$VectorMask
Event: 0.027 loading class jdk/internal/vm/vector/VectorSupport$VectorMask done
Event: 0.027 loading class jdk/internal/vm/vector/VectorSupport$VectorShuffle
Event: 0.027 loading class jdk/internal/vm/vector/VectorSupport$VectorShuffle done
Event: 0.029 loading class java/lang/NullPointerException
Event: 0.029 loading class java/lang/NullPointerException done
Event: 0.029 loading class java/lang/ArithmeticException
Event: 0.029 loading class java/lang/ArithmeticException done


Dynamic libraries:
0x00007ff664b00000 - 0x00007ff664b0e000 	c:\Users\nknig\.vscode\extensions\redhat.java-1.31.0-win32-x64\jre\17.0.11-win32-x86_64\bin\java.exe
0x00007ffb8d9d0000 - 0x00007ffb8dbe7000 	C:\Windows\SYSTEM32\ntdll.dll
0x00007ffb8cc10000 - 0x00007ffb8ccd4000 	C:\Windows\System32\KERNEL32.DLL
0x00007ffb8adf0000 - 0x00007ffb8b19c000 	C:\Windows\System32\KERNELBASE.dll
0x00007ffb8b1a0000 - 0x00007ffb8b2b1000 	C:\Windows\System32\ucrtbase.dll
0x00007ffb87b70000 - 0x00007ffb87b87000 	c:\Users\nknig\.vscode\extensions\redhat.java-1.31.0-win32-x64\jre\17.0.11-win32-x86_64\bin\jli.dll
0x00007ffb87b30000 - 0x00007ffb87b4b000 	c:\Users\nknig\.vscode\extensions\redhat.java-1.31.0-win32-x64\jre\17.0.11-win32-x86_64\bin\VCRUNTIME140.dll
0x00007ffb8ca60000 - 0x00007ffb8cc0e000 	C:\Windows\System32\USER32.dll
0x00007ffb769b0000 - 0x00007ffb76c43000 	C:\Windows\WinSxS\amd64_microsoft.windows.common-controls_6595b64144ccf1df_6.0.22621.3672_none_2713b9d173822955\COMCTL32.dll
0x00007ffb8b4f0000 - 0x00007ffb8b516000 	C:\Windows\System32\win32u.dll
0x00007ffb8b710000 - 0x00007ffb8b7b7000 	C:\Windows\System32\msvcrt.dll
0x00007ffb8d2d0000 - 0x00007ffb8d2f9000 	C:\Windows\System32\GDI32.dll
0x00007ffb8b5c0000 - 0x00007ffb8b6d9000 	C:\Windows\System32\gdi32full.dll
0x00007ffb8b520000 - 0x00007ffb8b5ba000 	C:\Windows\System32\msvcp_win.dll
0x00007ffb8d610000 - 0x00007ffb8d641000 	C:\Windows\System32\IMM32.DLL
0x00007ffb87b20000 - 0x00007ffb87b2c000 	c:\Users\nknig\.vscode\extensions\redhat.java-1.31.0-win32-x64\jre\17.0.11-win32-x86_64\bin\vcruntime140_1.dll
0x00007ffb77e70000 - 0x00007ffb77efd000 	c:\Users\nknig\.vscode\extensions\redhat.java-1.31.0-win32-x64\jre\17.0.11-win32-x86_64\bin\msvcp140.dll
0x00007ffb21a10000 - 0x00007ffb22672000 	c:\Users\nknig\.vscode\extensions\redhat.java-1.31.0-win32-x64\jre\17.0.11-win32-x86_64\bin\server\jvm.dll
0x00007ffb8d100000 - 0x00007ffb8d1b2000 	C:\Windows\System32\ADVAPI32.dll
0x00007ffb8d300000 - 0x00007ffb8d3aa000 	C:\Windows\System32\sechost.dll
0x00007ffb8b6e0000 - 0x00007ffb8b708000 	C:\Windows\System32\bcrypt.dll
0x00007ffb8be00000 - 0x00007ffb8bf15000 	C:\Windows\System32\RPCRT4.dll
0x00007ffb6af90000 - 0x00007ffb6af99000 	C:\Windows\SYSTEM32\WSOCK32.dll
0x00007ffb8aa10000 - 0x00007ffb8aa5d000 	C:\Windows\SYSTEM32\POWRPROF.dll
0x00007ffb8c030000 - 0x00007ffb8c0a1000 	C:\Windows\System32\WS2_32.dll
0x00007ffb84730000 - 0x00007ffb84764000 	C:\Windows\SYSTEM32\WINMM.dll
0x00007ffb87a50000 - 0x00007ffb87a5a000 	C:\Windows\SYSTEM32\VERSION.dll
0x00007ffb8a9f0000 - 0x00007ffb8aa03000 	C:\Windows\SYSTEM32\UMPDC.dll
0x00007ffb89cf0000 - 0x00007ffb89d08000 	C:\Windows\SYSTEM32\kernel.appcore.dll
0x00007ffb87b10000 - 0x00007ffb87b1a000 	c:\Users\nknig\.vscode\extensions\redhat.java-1.31.0-win32-x64\jre\17.0.11-win32-x86_64\bin\jimage.dll
0x00007ffb88590000 - 0x00007ffb887c2000 	C:\Windows\SYSTEM32\DBGHELP.DLL
0x00007ffb8cce0000 - 0x00007ffb8d068000 	C:\Windows\System32\combase.dll
0x00007ffb8d8b0000 - 0x00007ffb8d987000 	C:\Windows\System32\OLEAUT32.dll
0x00007ffb7cfc0000 - 0x00007ffb7cff2000 	C:\Windows\SYSTEM32\dbgcore.DLL
0x00007ffb8ad00000 - 0x00007ffb8ad7b000 	C:\Windows\System32\bcryptPrimitives.dll
0x00007ffb87b00000 - 0x00007ffb87b0e000 	c:\Users\nknig\.vscode\extensions\redhat.java-1.31.0-win32-x64\jre\17.0.11-win32-x86_64\bin\instrument.dll
0x00007ffb74550000 - 0x00007ffb74575000 	c:\Users\nknig\.vscode\extensions\redhat.java-1.31.0-win32-x64\jre\17.0.11-win32-x86_64\bin\java.dll
0x00007ffb82160000 - 0x00007ffb82178000 	c:\Users\nknig\.vscode\extensions\redhat.java-1.31.0-win32-x64\jre\17.0.11-win32-x86_64\bin\zip.dll

dbghelp: loaded successfully - version: 4.0.5 - missing functions: none
symbol engine: initialized successfully - sym options: 0x614 - pdb path: .;c:\Users\nknig\.vscode\extensions\redhat.java-1.31.0-win32-x64\jre\17.0.11-win32-x86_64\bin;C:\Windows\SYSTEM32;C:\Windows\WinSxS\amd64_microsoft.windows.common-controls_6595b64144ccf1df_6.0.22621.3672_none_2713b9d173822955;c:\Users\nknig\.vscode\extensions\redhat.java-1.31.0-win32-x64\jre\17.0.11-win32-x86_64\bin\server

VM Arguments:
jvm_args: --add-modules=ALL-SYSTEM --add-opens=java.base/java.util=ALL-UNNAMED --add-opens=java.base/java.lang=ALL-UNNAMED --add-opens=java.base/sun.nio.fs=ALL-UNNAMED -Declipse.application=org.eclipse.jdt.ls.core.id1 -Dosgi.bundles.defaultStartLevel=4 -Declipse.product=org.eclipse.jdt.ls.core.product -Djava.import.generatesMetadataFilesAtProjectRoot=false -DDetectVMInstallationsJob.disabled=true -Dfile.encoding=utf8 -XX:+UseParallelGC -XX:GCTimeRatio=4 -XX:AdaptiveSizePolicyWeight=90 -Dsun.zip.disableMemoryMapping=true -Xmx1G -Xms100m -Xlog:disable -javaagent:c:\Users\nknig\.vscode\extensions\redhat.java-1.31.0-win32-x64\lombok\lombok-1.18.32.jar -XX:+HeapDumpOnOutOfMemoryError -XX:HeapDumpPath=c:\Users\nknig\AppData\Roaming\Code\User\workspaceStorage\52165f1d5cc4527282bb9fd3544f7a64\redhat.java -Daether.dependencyCollector.impl=bf 
java_command: c:\Users\nknig\.vscode\extensions\redhat.java-1.31.0-win32-x64\server\plugins\org.eclipse.equinox.launcher_1.6.800.v20240513-1750.jar -configuration c:\Users\nknig\AppData\Roaming\Code\User\globalStorage\redhat.java\1.31.0\config_win -data c:\Users\nknig\AppData\Roaming\Code\User\workspaceStorage\52165f1d5cc4527282bb9fd3544f7a64\redhat.java\jdt_ws --pipe=\\.\pipe\lsp-3ba8e801a8d46f6425c44b9d24ea8fb9-sock
java_class_path (initial): c:\Users\nknig\.vscode\extensions\redhat.java-1.31.0-win32-x64\server\plugins\org.eclipse.equinox.launcher_1.6.800.v20240513-1750.jar
Launcher Type: SUN_STANDARD

[Global flags]
    uintx AdaptiveSizePolicyWeight                 = 90                                        {product} {command line}
     intx CICompilerCount                          = 12                                        {product} {ergonomic}
    uintx GCTimeRatio                              = 4                                         {product} {command line}
     bool HeapDumpOnOutOfMemoryError               = true                                   {manageable} {command line}
    ccstr HeapDumpPath                             = c:\Users\nknig\AppData\Roaming\Code\User\workspaceStorage\52165f1d5cc4527282bb9fd3544f7a64\redhat.java         {manageable} {command line}
   size_t InitialHeapSize                          = 104857600                                 {product} {command line}
   size_t MaxHeapSize                              = 1073741824                                {product} {command line}
   size_t MaxNewSize                               = 357564416                                 {product} {ergonomic}
   size_t MinHeapDeltaBytes                        = 524288                                    {product} {ergonomic}
   size_t MinHeapSize                              = 104857600                                 {product} {command line}
   size_t NewSize                                  = 34603008                                  {product} {ergonomic}
    uintx NonNMethodCodeHeapSize                   = 7602480                                {pd product} {ergonomic}
    uintx NonProfiledCodeHeapSize                  = 122027880                              {pd product} {ergonomic}
   size_t OldSize                                  = 70254592                                  {product} {ergonomic}
    uintx ProfiledCodeHeapSize                     = 122027880                              {pd product} {ergonomic}
    uintx ReservedCodeCacheSize                    = 251658240                              {pd product} {ergonomic}
     bool SegmentedCodeCache                       = true                                      {product} {ergonomic}
   size_t SoftMaxHeapSize                          = 1073741824                             {manageable} {ergonomic}
     bool UseCompressedClassPointers               = true                           {product lp64_product} {ergonomic}
     bool UseCompressedOops                        = true                           {product lp64_product} {ergonomic}
     bool UseLargePagesIndividualAllocation        = false                                  {pd product} {ergonomic}
     bool UseParallelGC                            = true                                      {product} {command line}

Logging:
Log output configuration:
 #0: stdout all=off uptime,level,tags
 #1: stderr all=off uptime,level,tags

Environment Variables:
JAVA_HOME=C:\Users\nknig\.apps\jdk-22.0.1
PATH=C:\Program Files\NVIDIA GPU Computing Toolkit\CUDA\v12.5\bin;C:\Program Files\NVIDIA GPU Computing Toolkit\CUDA\v12.5\libnvvp;C:\Program Files (x86)\VMware\VMware Workstation\bin\;C:\Python312\Scripts\;C:\Python312\;C:\Windows\system32;C:\Windows;C:\Windows\System32\Wbem;C:\Windows\System32\WindowsPowerShell\v1.0\;C:\Windows\System32\OpenSSH\;C:\Program Files\Git\cmd;C:\Program Files\dotnet\;C:\ProgramData\chocolatey\bin;C:\Program Files\GitHub CLI\;C:\Program Files\PowerShell\7\;C:\Program Files\Docker\Docker\resources\bin;C:\Program Files (x86)\Windows Kits\10\Windows Performance Toolkit\;C:\Users\nknig\.apps\jdk-22.0.1\bin;C:\Program Files\NVIDIA Corporation\Nsight Compute 2024.2.0\;C:\Program Files (x86)\NVIDIA Corporation\PhysX\Common;C:\Program Files\NVIDIA Corporation\NVIDIA NvDLISR;C:\Program Files\nodejs\;C:\Program Files\NVIDIA GPU Computing Toolkit\CUDA\v12.5\bin\\..\extras\CUPTI\lib64;C:\Program Files\NVIDIA GPU Computing Toolkit\CUDA\v12.5\bin;C:\Program Files\NVIDIA GPU Computing Toolkit\CUDA\v12.5\libnvvp;C:\Program Files (x86)\VMware\VMware Workstation\bin\;C:\Python312\Scripts\;C:\Python312\;C:\Windows\system32;C:\Windows;C:\Windows\System32\Wbem;C:\Windows\System32\WindowsPowerShell\v1.0\;C:\Windows\System32\OpenSSH\;C:\Program Files\Git\cmd;C:\Program Files\dotnet\;C:\ProgramData\chocolatey\bin;C:\Program Files\GitHub CLI\;C:\Program Files\PowerShell\7\;C:\Program Files\Docker\Docker\resources\bin;C:\Program Files (x86)\Windows Kits\10\Windows Performance Toolkit\;C:\Users\nknig\.apps\jdk-22.0.1\bin;C:\Users\nknig\.apps\;C:\Program Files\NVIDIA Corporation\Nsight Compute 2024.2.0\;C:\Program Files (x86)\NVIDIA Corporation\PhysX\Common;C:\Program Files\NVIDIA Corporation\NVIDIA NvDLISR;C:\Users\nknig\AppData\Local\Microsoft\WindowsApps;C:\JetBrains\IntelliJ IDEA 2023.3.2\bin;C:\Users\nknig\AppData\Loc;C:\Users\nknig\AppData\Local\Programs\Microsoft VS Code\bin;C:\Users\nknig\AppData\Roaming\npm
USERNAME=nknig
OS=Windows_NT
PROCESSOR_IDENTIFIER=AMD64 Family 25 Model 80 Stepping 0, AuthenticAMD
TMP=C:\Users\nknig\AppData\Local\Temp
TEMP=C:\Users\nknig\AppData\Local\Temp



Periodic native trim disabled


---------------  S Y S T E M  ---------------

OS:
 Windows 11 , 64 bit Build 22621 (10.0.22621.3672)
OS uptime: 0 days 0:31 hours
Hyper-V role detected

CPU: total 16 (initial active 16) (16 cores per cpu, 2 threads per core) family 25 model 80 stepping 0 microcode 0x0, cx8, cmov, fxsr, ht, mmx, 3dnowpref, sse, sse2, sse3, ssse3, sse4a, sse4.1, sse4.2, popcnt, lzcnt, tsc, tscinvbit, avx, avx2, aes, erms, clmul, bmi1, bmi2, adx, sha, fma, vzeroupper, clflush, clflushopt, hv
Processor Information for all 16 processors :
  Max Mhz: 3301, Current Mhz: 3301, Mhz Limit: 3301

Memory: 4k page, system-wide physical 15776M (3345M free)
TotalPageFile size 15776M (AvailPageFile size 5M)
current process WorkingSet (physical memory assigned to process): 17M, peak: 17M
current process commit charge ("private bytes"): 158M, peak: 159M

vm_info: OpenJDK 64-Bit Server VM (17.0.11+9) for windows-amd64 JRE (17.0.11+9), built on Apr 17 2024 06:07:48 by "admin" with MS VC++ 16.10 / 16.11 (VS2019)

END.
